This is LuaTeX, Version 1.07.0 (MiKTeX 2.9.6730 64-bit)  (format=lualatex 2018.10.19)  16 DEC 2018 20:17
 system commands enabled.
**acronyms.tex
(./acronyms.tex
LaTeX2e <2018-04-01> patch level 5
Lua module: luaotfload-main 2017/01/29 2.80001 OpenType layout system.
Lua module: lualibs 2017-02-01 2.5 ConTeXt Lua standard libraries.
Lua module: lualibs-extended 2017-02-01 2.5 ConTeXt Lua libraries -- extended co
llection.(using cache: C:/Users/Alvarito/AppData/Local/MiKTeX/2.9/luatex-cache/g
eneric)
luaotfload | conf : Root cache directory is C:/Users/Alvarito/AppData/Local/MiKT
eX/2.9/luatex-cache/generic/names.
luaotfload | init : Loading fontloader “fontloader-2017-02-11.lua” from kpse
-resolved path “D:/Program Files (x86)/MiKTeX 2.9/tex/luatex/luaotfload/fontlo
ader-2017-02-11.lua”.
Lua-only attribute luaotfload@state = 1
Lua-only attribute luaotfload@noligature = 2
Lua-only attribute luaotfload@syllabe = 3
luaotfload | init : Context OpenType loader version “3.027”
Inserting `luaotfload.node_processor' at position 1 in `pre_linebreak_filter'.
Inserting `luaotfload.node_processor' at position 1 in `hpack_filter'.
Inserting `luaotfload.define_font' at position 1 in `define_font'.
Lua-only attribute luaotfload_color_attribute = 4
luaotfload | conf : Root cache directory is C:/Users/Alvarito/AppData/Local/MiKT
eX/2.9/luatex-cache/generic/names.
Inserting `luaotfload.aux.set_sscale_dimens' at position 1 in `luaotfload.patch_
font'.
Inserting `luaotfload.aux.patch_cambria_domh' at position 2 in `luaotfload.patch
_font'.
Inserting `luaotfload.aux.fixup_fontdata' at position 1 in `luaotfload.patch_fon
t_unsafe'.
Inserting `luaotfload.aux.set_capheight' at position 3 in `luaotfload.patch_font
'.
Inserting `luaotfload.rewrite_fontname' at position 4 in `luaotfload.patch_font'
.
luaotfload | main : initialization completed in 0.492 seconds
! Undefined control sequence.
l.1 \acrodef
          {dtic}[DTIC]{\emph{Departamento de Tecnología Informática y Comp...
The control sequence at the end of the top line
of your error message was never \def'ed. If you have
misspelled it (e.g., `\hobx'), type `I' and the correct
spelling (e.g., `I\hbox'). Otherwise just continue,
and I'll forget about whatever was undefined.


! LaTeX Error: Missing \begin{document}.

See the LaTeX manual or LaTeX Companion for explanation.
Type  H <return>  for immediate help.
 ...                                              
                                                  
l.1 \acrodef{d
            tic}[DTIC]{\emph{Departamento de Tecnología Informática y Comp...
You're in trouble here.  Try typing  <return>  to proceed.
If that doesn't work, type  X <return>  to quit.

luaotfload | db : Font names database loaded from C:/Users/Alvarito/AppData/Loca
l/MiKTeX/2.9/luatex-cache/generic/names/luaotfload-names.luc(load luc: C:/Users/
Alvarito/AppData/Local/MiKTeX/2.9/luatex-cache/generic/fonts/otl/lmroman10-itali
c.luc)
! Undefined control sequence.
l.2 \acrodef
          {3dpl}[3DPL]{\emph{3D Perception Lab}}
The control sequence at the end of the top line
of your error message was never \def'ed. If you have
misspelled it (e.g., `\hobx'), type `I' and the correct
spelling (e.g., `I\hbox'). Otherwise just continue,
and I'll forget about whatever was undefined.

)
! Emergency stop.
<*> acronyms.tex
             
*** (job aborted, no legal \end found)



Here is how much of LuaTeX's memory you used:
 11 strings out of 494412
 100000,89155 words of node,token memory allocated 957 words of node memory still in use:
   1 hlist, 1 local_par, 1 dir, 10 glue, 2 kern, 82 glyph, 10 attribute, 35 glue
_spec, 10 attribute_list, 1 temp nodes
   avail lists: 1:1,2:2,3:1,4:1,5:4,8:1,9:1
 4304 multiletter control sequences out of 65536+200000
 15 fonts using 723239 bytes
 14i,1n,8p,98b,73s stack positions out of 5000i,500n,10000p,200000b,50000s
!  ==> Fatal error occurred, no output PDF file produced!
