This is LuaTeX, Version 1.07.0 (MiKTeX 2.9.6730 64-bit)  (format=lualatex 2018.10.19)  2 JAN 2019 17:07
 system commands enabled.
**main.tex
(./main.tex
LaTeX2e <2018-04-01> patch level 5
Lua module: luaotfload-main 2017/01/29 2.80001 OpenType layout system.
Lua module: lualibs 2017-02-01 2.5 ConTeXt Lua standard libraries.
Lua module: lualibs-extended 2017-02-01 2.5 ConTeXt Lua libraries -- extended co
llection.(using cache: C:/Users/Alvarito/AppData/Local/MiKTeX/2.9/luatex-cache/g
eneric)
luaotfload | conf : Root cache directory is C:/Users/Alvarito/AppData/Local/MiKT
eX/2.9/luatex-cache/generic/names.
luaotfload | init : Loading fontloader “fontloader-2017-02-11.lua” from kpse
-resolved path “D:/Program Files (x86)/MiKTeX 2.9/tex/luatex/luaotfload/fontlo
ader-2017-02-11.lua”.
Lua-only attribute luaotfload@state = 1
Lua-only attribute luaotfload@noligature = 2
Lua-only attribute luaotfload@syllabe = 3
luaotfload | init : Context OpenType loader version “3.027”
Inserting `luaotfload.node_processor' at position 1 in `pre_linebreak_filter'.
Inserting `luaotfload.node_processor' at position 1 in `hpack_filter'.
Inserting `luaotfload.define_font' at position 1 in `define_font'.
Lua-only attribute luaotfload_color_attribute = 4
luaotfload | conf : Root cache directory is C:/Users/Alvarito/AppData/Local/MiKT
eX/2.9/luatex-cache/generic/names.
Inserting `luaotfload.aux.set_sscale_dimens' at position 1 in `luaotfload.patch_
font'.
Inserting `luaotfload.aux.patch_cambria_domh' at position 2 in `luaotfload.patch
_font'.
Inserting `luaotfload.aux.fixup_fontdata' at position 1 in `luaotfload.patch_fon
t_unsafe'.
Inserting `luaotfload.aux.set_capheight' at position 3 in `luaotfload.patch_font
'.
Inserting `luaotfload.rewrite_fontname' at position 4 in `luaotfload.patch_font'
.
luaotfload | main : initialization completed in 0.498 seconds
("D:/Program Files (x86)/MiKTeX 2.9/tex/latex/base/article.cls"
Document Class: article 2014/09/29 v1.4h Standard LaTeX document class
("D:/Program Files (x86)/MiKTeX 2.9/tex/latex/base/size11.clo"
File: size11.clo 2014/09/29 v1.4h Standard LaTeX file (size option)
luaotfload | db : Font names database loaded from C:/Users/Alvarito/AppData/Loca
l/MiKTeX/2.9/luatex-cache/generic/names/luaotfload-names.luc(load luc: C:/Users/
Alvarito/AppData/Local/MiKTeX/2.9/luatex-cache/generic/fonts/otl/lmroman10-regul
ar.luc))
\c@part=\count80
\c@section=\count81
\c@subsection=\count82
\c@subsubsection=\count83
\c@paragraph=\count84
\c@subparagraph=\count85
\c@figure=\count86
\c@table=\count87
\abovecaptionskip=\skip41
\belowcaptionskip=\skip42
\bibindent=\dimen102
) (./includes.tex
("D:/Program Files (x86)/MiKTeX 2.9/tex/latex/acronym/acronym.sty"
Package: acronym 2015/03/21 v1.41 Support for acronyms (Tobias Oetiker)

("D:/Program Files (x86)/MiKTeX 2.9/tex/latex/bigfoot/suffix.sty"
Package: suffix 2006/07/15 1.5a Variant command support
)
("D:/Program Files (x86)/MiKTeX 2.9/tex/latex/xstring/xstring.sty"
("D:/Program Files (x86)/MiKTeX 2.9/tex/generic/xstring/xstring.tex"
\@xs@message=\write3
\integerpart=\count88
\decimalpart=\count89
)
Package: xstring 2013/10/13  v1.7c  String manipulations (C Tellechea)
)
\AC@clearlist=\toks14
)
("D:/Program Files (x86)/MiKTeX 2.9/tex/latex/hyperref/hyperref.sty"
Package: hyperref 2018/02/06 v6.86b Hypertext links for LaTeX

("D:/Program Files (x86)/MiKTeX 2.9/tex/generic/oberdiek/hobsub-hyperref.sty"
Package: hobsub-hyperref 2016/05/16 v1.14 Bundle oberdiek, subset hyperref (HO)

("D:/Program Files (x86)/MiKTeX 2.9/tex/generic/oberdiek/hobsub-generic.sty"
Package: hobsub-generic 2016/05/16 v1.14 Bundle oberdiek, subset generic (HO)
Package: hobsub 2016/05/16 v1.14 Construct package bundles (HO)
Package: infwarerr 2016/05/16 v1.4 Providing info/warning/error messages (HO)
Package: ltxcmds 2016/05/16 v1.23 LaTeX kernel commands for general use (HO)
Package: ifluatex 2016/05/16 v1.4 Provides the ifluatex switch (HO)
Package ifluatex Info: LuaTeX detected.
Package: ifvtex 2016/05/16 v1.6 Detect VTeX and its facilities (HO)
Package ifvtex Info: VTeX not detected.
Package: intcalc 2016/05/16 v1.2 Expandable calculations with integers (HO)
Package: ifpdf 2017/03/15 v3.2 Provides the ifpdf switch
Package: etexcmds 2016/05/16 v1.6 Avoid name clashes with e-TeX commands (HO)
Package: kvsetkeys 2016/05/16 v1.17 Key value parser (HO)
Package: kvdefinekeys 2016/05/16 v1.4 Define keys (HO)
Package: luatex-loader 2016/05/16 v0.6 Lua module loader (HO)

(D:/Program Files (x86)/MiKTeX 2.9/scripts/oberdiek/oberdiek.luatex.lua)
Package: pdftexcmds 2018/01/30 v0.27 Utility functions of pdfTeX for LuaTeX (HO)

Package pdftexcmds Info: \pdf@primitive is available.
Package pdftexcmds Info: \pdf@ifprimitive is available.
Package pdftexcmds Info: \pdfdraftmode found.
\pdftexcmds@toks=\toks15
Package: pdfescape 2016/05/16 v1.14 Implements pdfTeX's escape features (HO)
Package: bigintcalc 2016/05/16 v1.4 Expandable calculations on big integers (HO)

Package: bitset 2016/05/16 v1.2 Handle bit-vector datatype (HO)
Package: uniquecounter 2016/05/16 v1.3 Provide unlimited unique counter (HO)
)
Package hobsub Info: Skipping package `hobsub' (already loaded).
Package: letltxmacro 2016/05/16 v1.5 Let assignment for LaTeX macros (HO)
Package: hopatch 2016/05/16 v1.3 Wrapper for package hooks (HO)
Package: xcolor-patch 2016/05/16 xcolor patch
Package: atveryend 2016/05/16 v1.9 Hooks at the very end of document (HO)
Package atveryend Info: \enddocument detected (standard20110627).
Package: atbegshi 2016/06/09 v1.18 At begin shipout hook (HO)
Package: refcount 2016/05/16 v3.5 Data extraction from label references (HO)
Package: hycolor 2016/05/16 v1.8 Color options for hyperref/bookmark (HO)
)
("D:/Program Files (x86)/MiKTeX 2.9/tex/latex/graphics/keyval.sty"
Package: keyval 2014/10/28 v1.15 key=value parser (DPC)
\KV@toks@=\toks16
)
("D:/Program Files (x86)/MiKTeX 2.9/tex/generic/ifxetex/ifxetex.sty"
Package: ifxetex 2010/09/12 v0.6 Provides ifxetex conditional
)
("D:/Program Files (x86)/MiKTeX 2.9/tex/latex/oberdiek/auxhook.sty"
Package: auxhook 2016/05/16 v1.4 Hooks for auxiliary files (HO)
)
("D:/Program Files (x86)/MiKTeX 2.9/tex/latex/oberdiek/kvoptions.sty"
Package: kvoptions 2016/05/16 v3.12 Key value format for package options (HO)
)
\@linkdim=\dimen103
\Hy@linkcounter=\count90
\Hy@pagecounter=\count91

("D:/Program Files (x86)/MiKTeX 2.9/tex/latex/hyperref/pd1enc.def"
File: pd1enc.def 2018/02/06 v6.86b Hyperref: PDFDocEncoding definition (HO)
)
\Hy@SavedSpaceFactor=\count92

("D:/Program Files (x86)/MiKTeX 2.9/tex/latex/00miktex/hyperref.cfg"
File: hyperref.cfg 2002/06/06 v1.2 hyperref configuration of TeXLive
)
Package hyperref Info: Hyper figures OFF on input line 4509.
Package hyperref Info: Link nesting OFF on input line 4514.
Package hyperref Info: Hyper index ON on input line 4517.
Package hyperref Info: Plain pages OFF on input line 4524.
Package hyperref Info: Backreferencing OFF on input line 4529.
Package hyperref Info: Implicit mode ON; LaTeX internals redefined.
Package hyperref Info: Bookmarks ON on input line 4762.
\c@Hy@tempcnt=\count93

("D:/Program Files (x86)/MiKTeX 2.9/tex/latex/url/url.sty"
\Urlmuskip=\muskip10
Package: url 2013/09/16  ver 3.4  Verb mode for urls, etc.
)
LaTeX Info: Redefining \url on input line 5115.
\XeTeXLinkMargin=\dimen104
\Fld@menulength=\count94
\Field@Width=\dimen105
\Fld@charsize=\dimen106
Package hyperref Info: Hyper figures OFF on input line 6369.
Package hyperref Info: Link nesting OFF on input line 6374.
Package hyperref Info: Hyper index ON on input line 6377.
Package hyperref Info: backreferencing OFF on input line 6384.
Package hyperref Info: Link coloring OFF on input line 6389.
Package hyperref Info: Link coloring with OCG OFF on input line 6394.
Package hyperref Info: PDF/A mode OFF on input line 6399.
LaTeX Info: Redefining \ref on input line 6439.
LaTeX Info: Redefining \pageref on input line 6443.
\Hy@abspage=\count95
\c@Item=\count96
\c@Hfootnote=\count97
)
Package hyperref Info: Driver (autodetected): hluatex.

("D:/Program Files (x86)/MiKTeX 2.9/tex/latex/hyperref/hluatex.def"
File: hluatex.def 2018/02/06 v6.86b Hyperref driver for luaTeX
\Fld@listcount=\count98
\c@bookmark@seq@number=\count99

("D:/Program Files (x86)/MiKTeX 2.9/tex/latex/oberdiek/rerunfilecheck.sty"
Package: rerunfilecheck 2016/05/16 v1.8 Rerun checks for auxiliary files (HO)
Package uniquecounter Info: New unique counter `rerunfilecheck' on input line 28
2.
)
\Hy@SectionHShift=\skip43
)
("D:/Program Files (x86)/MiKTeX 2.9/tex/latex/graphics/graphicx.sty"
Package: graphicx 2017/06/01 v1.1a Enhanced LaTeX Graphics (DPC,SPQR)

("D:/Program Files (x86)/MiKTeX 2.9/tex/latex/graphics/graphics.sty"
Package: graphics 2017/06/25 v1.2c Standard LaTeX Graphics (DPC,SPQR)

("D:/Program Files (x86)/MiKTeX 2.9/tex/latex/graphics/trig.sty"
Package: trig 2016/01/03 v1.10 sin cos tan (DPC)
)
("D:/Program Files (x86)/MiKTeX 2.9/tex/latex/graphics-cfg/graphics.cfg"
File: graphics.cfg 2016/06/04 v1.11 sample graphics configuration
)
Package graphics Info: Driver file: luatex.def on input line 99.

("D:/Program Files (x86)/MiKTeX 2.9/tex/latex/graphics-def/luatex.def"
File: luatex.def 2018/01/08 v1.0l Graphics/color driver for luatex
))
\Gin@req@height=\dimen107
\Gin@req@width=\dimen108
)
("D:/Program Files (x86)/MiKTeX 2.9/tex/latex/algorithm2e/algorithm2e.sty"
Package: algorithm2e 2017/07/18 v5.2 algorithms environments
\c@AlgoLine=\count100

("D:/Program Files (x86)/MiKTeX 2.9/tex/latex/base/ifthen.sty"
Package: ifthen 2014/09/29 v1.1c Standard LaTeX ifthen package (DPC)
)
\algocf@hangindent=\skip44

("D:/Program Files (x86)/MiKTeX 2.9/tex/latex/ifoddpage/ifoddpage.sty"
Package: ifoddpage 2016/04/23 v1.1 Conditionals for odd/even page detection
\c@checkoddpage=\count101
)
("D:/Program Files (x86)/MiKTeX 2.9/tex/latex/tools/xspace.sty"
Package: xspace 2014/10/28 v1.13 Space after command names (DPC,MH)
)
("D:/Program Files (x86)/MiKTeX 2.9/tex/latex/relsize/relsize.sty"
Package: relsize 2013/03/29 ver 4.1
)
\skiptotal=\skip45
\skiplinenumber=\skip46
\skiprule=\skip47
\skiphlne=\skip48
\skiptext=\skip49
\skiplength=\skip50
\algomargin=\skip51
\skipalgocfslide=\skip52
\algowidth=\dimen109
\inoutsize=\dimen110
\inoutindent=\dimen111
\interspacetitleruled=\dimen112
\interspacealgoruled=\dimen113
\interspacetitleboxruled=\dimen114
\algocf@ruledwidth=\skip53
\algocf@inoutbox=\box26
\algocf@inputbox=\box27
\AlCapSkip=\skip54
\AlCapHSkip=\skip55
\algoskipindent=\skip56
\algocf@nlbox=\box28
\algocf@hangingbox=\box29
\algocf@untilbox=\box30
\algocf@skipuntil=\skip57
\algocf@capbox=\box31
\algocf@lcaptionbox=\skip58
\algoheightruledefault=\skip59
\algoheightrule=\skip60
\algotitleheightruledefault=\skip61
\algotitleheightrule=\skip62
\c@algocfline=\count102
\c@algocfproc=\count103
\c@algocf=\count104
\algocf@algoframe=\box32
\algocf@algobox=\box33
)
Package hyperref Info: Option `colorlinks' set `true' on input line 12.

(./acronyms.tex)) (./main.aux)
\openout1 = main.aux

LaTeX Font Info:    Checking defaults for OML/cmm/m/it on input line 23.
LaTeX Font Info:    ... okay on input line 23.
LaTeX Font Info:    Checking defaults for T1/cmr/m/n on input line 23.
LaTeX Font Info:    ... okay on input line 23.
LaTeX Font Info:    Checking defaults for OT1/cmr/m/n on input line 23.
LaTeX Font Info:    ... okay on input line 23.
LaTeX Font Info:    Checking defaults for OMS/cmsy/m/n on input line 23.
LaTeX Font Info:    ... okay on input line 23.
LaTeX Font Info:    Checking defaults for TU/lmr/m/n on input line 23.
LaTeX Font Info:    ... okay on input line 23.
LaTeX Font Info:    Checking defaults for OMX/cmex/m/n on input line 23.
LaTeX Font Info:    ... okay on input line 23.
LaTeX Font Info:    Checking defaults for U/cmr/m/n on input line 23.
LaTeX Font Info:    ... okay on input line 23.
LaTeX Font Info:    Checking defaults for PD1/pdf/m/n on input line 23.
LaTeX Font Info:    ... okay on input line 23.
\AtBeginShipoutBox=\box34

("D:/Program Files (x86)/MiKTeX 2.9/tex/latex/graphics/color.sty"
Package: color 2016/07/10 v1.1e Standard LaTeX Color (DPC)

("D:/Program Files (x86)/MiKTeX 2.9/tex/latex/graphics-cfg/color.cfg"
File: color.cfg 2016/01/02 v1.6 sample color configuration
)
Package color Info: Driver file: luatex.def on input line 147.
)
Package hyperref Info: Link coloring ON on input line 23.

("D:/Program Files (x86)/MiKTeX 2.9/tex/latex/hyperref/nameref.sty"
Package: nameref 2016/05/21 v2.44 Cross-referencing by name of section

("D:/Program Files (x86)/MiKTeX 2.9/tex/generic/oberdiek/gettitlestring.sty"
Package: gettitlestring 2016/05/16 v1.5 Cleanup title references (HO)
)
\c@section@level=\count105
)
LaTeX Info: Redefining \ref on input line 23.
LaTeX Info: Redefining \pageref on input line 23.
LaTeX Info: Redefining \nameref on input line 23.

(./main.out) (./main.out)
\@outlinefile=\write4

\openout4 = main.out

("D:/Program Files (x86)/MiKTeX 2.9/tex/context/base/supp-pdf.mkii"
[Loading MPS to PDF converter (version 2006.09.02).]
\scratchcounter=\count106
\scratchdimen=\dimen115
\scratchbox=\box35
\nofMPsegments=\count107
\nofMParguments=\count108
\everyMPshowfont=\toks17
\MPscratchCnt=\count109
\MPscratchDim=\dimen116
\MPnumerator=\count110
\makeMPintoPDFobject=\count111
\everyMPtoPDFconversion=\toks18
) ("D:/Program Files (x86)/MiKTeX 2.9/tex/latex/oberdiek/epstopdf-base.sty"
Package: epstopdf-base 2016/05/15 v2.6 Base part for package epstopdf

("D:/Program Files (x86)/MiKTeX 2.9/tex/latex/oberdiek/grfext.sty"
Package: grfext 2016/05/16 v1.2 Manage graphics extensions (HO)
)
Package epstopdf-base Info: Redefining graphics rule for `.eps' on input line 43
8.
Package grfext Info: Graphics extension search list:
(grfext)             [.pdf,.png,.jpg,.mps,.jpeg,.jbig2,.jb2,.PDF,.PNG,.JPG,.JPEG
,.JBIG2,.JB2,.eps]
(grfext)             \AppendGraphicsExtensions on input line 456.
)(load luc: C:/Users/Alvarito/AppData/Local/MiKTeX/2.9/luatex-cache/generic/font
s/otl/lmroman17-regular.luc)(load luc: C:/Users/Alvarito/AppData/Local/MiKTeX/2.
9/luatex-cache/generic/fonts/otl/lmroman12-regular.luc)
LaTeX Font Info:    External font `cmex10' loaded for size
(Font)              <12> on input line 27.
LaTeX Font Info:    External font `cmex10' loaded for size
(Font)              <8> on input line 27.
LaTeX Font Info:    External font `cmex10' loaded for size
(Font)              <6> on input line 27.
(load luc: C:/Users/Alvarito/AppData/Local/MiKTeX/2.9/luatex-cache/generic/fonts
/otl/lmroman12-bold.luc)
(./main.toc(load luc: C:/Users/Alvarito/AppData/Local/MiKTeX/2.9/luatex-cache/ge
neric/fonts/otl/lmroman10-bold.luc)
LaTeX Font Info:    External font `cmex10' loaded for size
(Font)              <10.95> on input line 2.
 [1

{C:/Users/Alvarito/AppData/Local/MiKTeX/2.9/pdftex/config/pdftex.map}])
\tf@toc=\write5

\openout5 = main.toc
 [2] (./sections/dat_gen.tex
Package acronym Info: Label `acro:ale' newly defined as it shall be overridden
although it is yet undefined on input line 4.
(load luc: C:/Users/Alvarito/AppData/Local/MiKTeX/2.9/luatex-cache/generic/fonts
/otl/lmroman10-italic.luc)
<Figures/RAMColors.png, id=128, 577.15625pt x 288.07625pt>
File: Figures/RAMColors.png Graphic file (type png)
<use Figures/RAMColors.png>
Package luatex.def Info: Figures/RAMColors.png  used on input line 10.
(luatex.def)             Requested size: 360.0pt x 179.69554pt.
 [3<./Figures/RAMColors.png>]
<Figures/AnalisisRAM.png, id=138, 1012.78375pt x 590.205pt>
File: Figures/AnalisisRAM.png Graphic file (type png)
<use Figures/AnalisisRAM.png>
Package luatex.def Info: Figures/AnalisisRAM.png  used on input line 23.
(luatex.def)             Requested size: 360.0pt x 209.7899pt.
<Figures/DAttackOpsRequired.png, id=140, 587.19376pt x 44.165pt>
File: Figures/DAttackOpsRequired.png Graphic file (type png)
<use Figures/DAttackOpsRequired.png>
Package luatex.def Info: Figures/DAttackOpsRequired.png  used on input line 32.
(luatex.def)             Requested size: 360.0pt x 27.07672pt.
 [4<./Figures/AnalisisRAM.png><./Figures/DAttackOpsRequired.png>] [5]
<Figures/ALEMediaSettings.png, id=156, 640.3925pt x 180.675pt>
File: Figures/ALEMediaSettings.png Graphic file (type png)
<use Figures/ALEMediaSettings.png>
Package luatex.def Info: Figures/ALEMediaSettings.png  used on input line 70.
(luatex.def)             Requested size: 360.0pt x 101.56877pt.
Package acronym Info: Label `acro:csv' newly defined as it shall be overridden
although it is yet undefined on input line 75.
<Figures/ALEromANDmedia.png, id=157, 468.75125pt x 67.25125pt>
File: Figures/ALEromANDmedia.png Graphic file (type png)
<use Figures/ALEromANDmedia.png>
Package luatex.def Info: Figures/ALEromANDmedia.png  used on input line 79.
(luatex.def)             Requested size: 251.9989pt x 36.154pt.


LaTeX Warning: `h' float specifier changed to `ht'.

[6<./Figures/ALEMediaSettings.png>]
<Figures/ALEMainExecLoop.png, id=168, 619.31375pt x 193.72375pt>
File: Figures/ALEMainExecLoop.png Graphic file (type png)
<use Figures/ALEMainExecLoop.png>
Package luatex.def Info: Figures/ALEMainExecLoop.png  used on input line 91.
(luatex.def)             Requested size: 360.0pt x 112.61406pt.
 [7<./Figures/ALEromANDmedia.png><./Figures/ALEMainExecLoop.png>]
<Figures/aledumpcsv.png, id=179, 288.07625pt x 138.5175pt>
File: Figures/aledumpcsv.png Graphic file (type png)
<use Figures/aledumpcsv.png>
Package luatex.def Info: Figures/aledumpcsv.png  used on input line 106.
(luatex.def)             Requested size: 143.9978pt x 69.24165pt.
<Figures/breakoutgame.png, id=180, 424.58624pt x 319.1925pt>
File: Figures/breakoutgame.png Graphic file (type png)
<use Figures/breakoutgame.png>
Package luatex.def Info: Figures/breakoutgame.png  used on input line 118.
(luatex.def)             Requested size: 251.9989pt x 189.447pt.
 [8<./Figures/aledumpcsv.png><./Figures/breakoutgame.png>] [9]
<Figures/boxing.png, id=200, 404.51125pt x 320.19624pt>
File: Figures/boxing.png Graphic file (type png)
<use Figures/boxing.png>
Package luatex.def Info: Figures/boxing.png  used on input line 171.
(luatex.def)             Requested size: 251.9989pt x 199.47722pt.
 [10<./Figures/boxing.png>]
<Figures/boxingAleatoriedad.png, id=208, 536.0025pt x 75.28125pt>
File: Figures/boxingAleatoriedad.png Graphic file (type png)
<use Figures/boxingAleatoriedad.png>
Package luatex.def Info: Figures/boxingAleatoriedad.png  used on input line 180.

(luatex.def)             Requested size: 251.9989pt x 35.39252pt.
 [11<./Figures/boxingAleatoriedad.png>]
<Figures/demonAttackOne.png, id=220, 428.60126pt x 322.20375pt>
File: Figures/demonAttackOne.png Graphic file (type png)
<use Figures/demonAttackOne.png>
Package luatex.def Info: Figures/demonAttackOne.png  used on input line 218.
(luatex.def)             Requested size: 323.9978pt x 243.56961pt.
 [12<./Figures/demonAttackOne.png>]
<Figures/demonAttackVision.png, id=228, 423.5825pt x 321.2pt>
File: Figures/demonAttackVision.png Graphic file (type png)
<use Figures/demonAttackVision.png>
Package luatex.def Info: Figures/demonAttackVision.png  used on input line 234.
(luatex.def)             Requested size: 360.0pt x 272.99678pt.
 [13<./Figures/demonAttackVision.png>]
<Figures/demonAttackStaticOne.png, id=236, 463.7325pt x 93.34875pt>
File: Figures/demonAttackStaticOne.png Graphic file (type png)
<use Figures/demonAttackStaticOne.png>
Package luatex.def Info: Figures/demonAttackStaticOne.png  used on input line 25
1.
(luatex.def)             Requested size: 360.0pt x 72.46844pt.
 [14<./Figures/demonAttackStaticOne.png>]
<Figures/demonAttackChangableOne.png, id=246, 229.60782pt x 66.2475pt>
File: Figures/demonAttackChangableOne.png Graphic file (type png)
<use Figures/demonAttackChangableOne.png>
Package luatex.def Info: Figures/demonAttackChangableOne.png  used on input line
 263.
(luatex.def)             Requested size: 251.9989pt x 72.71173pt.
 [15<./Figures/demonAttackChangableOne.png>]
<Figures/demonattackp1algo.png, id=258, 554.82281pt x 346.29375pt>
File: Figures/demonattackp1algo.png Graphic file (type png)
<use Figures/demonattackp1algo.png>
Package luatex.def Info: Figures/demonattackp1algo.png  used on input line 297.
(luatex.def)             Requested size: 360.0pt x 224.69724pt.
 [16<./Figures/demonattackp1algo.png>]
<Figures/daisblocking.png, id=265, 563.85657pt x 221.32687pt>
File: Figures/daisblocking.png Graphic file (type png)
<use Figures/daisblocking.png>
Package luatex.def Info: Figures/daisblocking.png  used on input line 309.
(luatex.def)             Requested size: 360.0pt x 141.31097pt.
 [17<./Figures/daisblocking.png>]
<Figures/colisioncalculadaerroneamenteda.png, id=276, 152.06813pt x 148.30406pt>

File: Figures/colisioncalculadaerroneamenteda.png Graphic file (type png)
<use Figures/colisioncalculadaerroneamenteda.png>
Package luatex.def Info: Figures/colisioncalculadaerroneamenteda.png  used on in
put line 334.
(luatex.def)             Requested size: 108.0011pt x 105.33055pt.
<Figures/cuerpobucleisblockingda.png, id=277, 563.10374pt x 151.3153pt>
File: Figures/cuerpobucleisblockingda.png Graphic file (type png)
<use Figures/cuerpobucleisblockingda.png>
Package luatex.def Info: Figures/cuerpobucleisblockingda.png  used on input line
 343.
(luatex.def)             Requested size: 360.0pt x 96.73755pt.
 [18<./Figures/colisioncalculadaerroneamenteda.png><./Figures/cuerpobucleisblock
ingda.png>]
<Figures/damovement.png, id=289, 404.26031pt x 560.0925pt>
File: Figures/damovement.png Graphic file (type png)
<use Figures/damovement.png>
Package luatex.def Info: Figures/damovement.png  used on input line 354.
(luatex.def)             Requested size: 284.39758pt x 394.02773pt.

[19<./Figures/damovement.png>]
<Figures/structdirtystateda.png, id=299, 313.17pt x 84.315pt>
File: Figures/structdirtystateda.png Graphic file (type png)
<use Figures/structdirtystateda.png>
Package luatex.def Info: Figures/structdirtystateda.png  used on input line 365.

(luatex.def)             Requested size: 284.39758pt x 76.57108pt.
 [20<./Figures/structdirtystateda.png>] [21])
(./sections/place.tex [22]) (./sections/desc.tex
Overfull \hbox (0.47997pt too wide) in paragraph at lines 8--8
[]\TU/lmr/bx/n/12 De-scrip-ción de los conocimien-tos y com-pe-ten-cias adquir
i-
 []

[23]) (./sections/concl.tex [24])
Package atveryend Info: Empty hook `BeforeClearDocument' on input line 41.
Package atveryend Info: Empty hook `AfterLastShipout' on input line 41.
 (./main.aux)
Package atveryend Info: Executing hook `AtVeryEndDocument' on input line 41.
Package atveryend Info: Executing hook `AtEndAfterFileList' on input line 41.
Package rerunfilecheck Info: File `main.out' has not changed.
(rerunfilecheck)             Checksum: EAA1EA3ED6B1E7C735058C94DE76FB44;1813.
Package atveryend Info: Empty hook `AtVeryVeryEnd' on input line 41.
)

Here is how much of LuaTeX's memory you used:
 7248 strings out of 494412
 100000,221844 words of node,token memory allocated
 475 words of node memory still in use:
   2 hlist, 1 vlist, 1 rule, 2 glue, 5 attribute, 65 glue_spec, 5 attribute_list
, 1 write, 2 pdf_action nodes
   avail lists: 1:1,2:464,3:125,4:82,5:166,6:44,7:2821,8:65,9:169,10:10,11:246
 10915 multiletter control sequences out of 65536+200000
 35 fonts using 2453591 bytes
 30i,13n,30p,1294b,458s stack positions out of 5000i,500n,10000p,200000b,50000s
<d:/program files (x86)/miktex 2.9/fonts/opentype/public/lm/lmroman10-italic.otf
><d:/program files (x86)/miktex 2.9/fonts/opentype/public/lm/lmroman10-regular.o
tf><d:/program files (x86)/miktex 2.9/fonts/opentype/public/lm/lmroman10-bold.ot
f><d:/program files (x86)/miktex 2.9/fonts/opentype/public/lm/lmroman12-bold.otf
><d:/program files (x86)/miktex 2.9/fonts/opentype/public/lm/lmroman12-regular.o
tf><d:/program files (x86)/miktex 2.9/fonts/opentype/public/lm/lmroman17-regular
.otf><D:/Program Files (x86)/MiKTeX 2.9/fonts/type1/public/amsfonts/cm/cmmi10.pf
b><D:/Program Files (x86)/MiKTeX 2.9/fonts/type1/public/amsfonts/cm/cmr10.pfb><D
:/Program Files (x86)/MiKTeX 2.9/fonts/type1/public/amsfonts/cm/cmsy10.pfb>
Output written on main.pdf (24 pages, 418944 bytes).

PDF statistics: 377 PDF objects out of 1000 (max. 8388607)
 77 named destinations out of 1000 (max. 131072)
 169 words of extra memory for PDF output out of 10000 (max. 100000000)

