\BOOKMARK [1][-]{section.1}{Tecnologías implementadas y estado operativo.}{}% 1
\BOOKMARK [2][-]{subsection.1.1}{Análisis de RAM}{section.1}% 2
\BOOKMARK [3][-]{subsubsection.1.1.1}{Modificando ALE}{subsection.1.1}% 3
\BOOKMARK [2][-]{subsection.1.2}{Bots básicos}{section.1}% 4
\BOOKMARK [3][-]{subsubsection.1.2.1}{Plantilla común}{subsection.1.2}% 5
\BOOKMARK [3][-]{subsubsection.1.2.2}{Breakout}{subsection.1.2}% 6
\BOOKMARK [3][-]{subsubsection.1.2.3}{Boxing}{subsection.1.2}% 7
\BOOKMARK [3][-]{subsubsection.1.2.4}{Demon Attack}{subsection.1.2}% 8
\BOOKMARK [2][-]{subsection.1.3}{Perceptrón}{section.1}% 9
\BOOKMARK [2][-]{subsection.1.4}{Redes neuronales}{section.1}% 10
\BOOKMARK [3][-]{subsubsection.1.4.1}{Algoritmo Genético \(GANN\)}{subsection.1.4}% 11
\BOOKMARK [1][-]{section.2}{Manual de utilización}{}% 12
\BOOKMARK [2][-]{subsection.2.1}{Bots y bots naive}{section.2}% 13
\BOOKMARK [2][-]{subsection.2.2}{Perceptrón}{section.2}% 14
\BOOKMARK [2][-]{subsection.2.3}{Red Neuronal}{section.2}% 15
\BOOKMARK [2][-]{subsection.2.4}{Red Neuronal y Genético: GANN}{section.2}% 16
\BOOKMARK [1][-]{section.3}{Experimentos realizados y resultados obtenidos}{}% 17
\BOOKMARK [2][-]{subsection.3.1}{Experimentos con el Perceptrón}{section.3}% 18
\BOOKMARK [2][-]{subsection.3.2}{Experimentos con la Red Neuronal}{section.3}% 19
\BOOKMARK [2][-]{subsection.3.3}{Experimentos con la Red Neuronal: Dropout}{section.3}% 20
\BOOKMARK [2][-]{subsection.3.4}{Experimentos con la Red Neuronal: Cross Validation 10}{section.3}% 21
\BOOKMARK [2][-]{subsection.3.5}{Experimentos con la Red Neuronal y Genético: GANN}{section.3}% 22
\BOOKMARK [1][-]{section.4}{Conclusiones}{}% 23
\BOOKMARK [2][-]{subsection.4.1}{Valoración personal de las prácticas realizadas}{section.4}% 24
\BOOKMARK [2][-]{subsection.4.2}{Indicar qué ha echado de menos el alumno en la formación recibida en la Universidad que considera le hubiera ayudado}{section.4}% 25
\BOOKMARK [2][-]{subsection.4.3}{Posibles sugerencias para mejorar las prácticas de empresa}{section.4}% 26
